<?xml version="1.0" encoding="UTF-8"?>
<!-- Generated by org.testng.reporters.JUnitReportReporter -->
<testsuite hostname="DESKTOP-V2RKAG5" failures="0" tests="1" name="practice.Login" time="7.687" errors="0" timestamp="2021-03-20T11:16:18 IST" skipped="0">
  <testcase classname="practice.Login" name="login_page" time="7.687"/>
  <system-out/>
</testsuite> <!-- practice.Login -->
