<?xml version="1.0" encoding="UTF-8"?>
<!-- Generated by org.testng.reporters.JUnitReportReporter -->
<testsuite hostname="DESKTOP-V2RKAG5" failures="0" tests="1" name="practice.Sample1" time="0.013" errors="0" timestamp="2021-03-11T10:17:05 IST" skipped="0">
  <testcase classname="practice.Sample1" name="testC" time="0.013"/>
  <system-out/>
</testsuite> <!-- practice.Sample1 -->
